#
# There is insufficient memory for the Java Runtime Environment to continue.
# Native memory allocation (malloc) failed to allocate 32744 bytes for ChunkPool::allocate
# Possible reasons:
#   The system is out of physical RAM or swap space
#   In 32 bit mode, the process size limit was hit
# Possible solutions:
#   Reduce memory load on the system
#   Increase physical memory or swap space
#   Check if swap backing store is full
#   Use 64 bit Java on a 64 bit OS
#   Decrease Java heap size (-Xmx/-Xms)
#   Decrease number of Java threads
#   Decrease Java thread stack sizes (-Xss)
#   Set larger code cache with -XX:ReservedCodeCacheSize=
# This output file may be truncated or incomplete.
#
#  Out of Memory Error (allocation.cpp:273), pid=27608, tid=0x0000000000009b78
#
# JRE version: Java(TM) SE Runtime Environment (8.0_162-b12) (build 1.8.0_162-b12)
# Java VM: Java HotSpot(TM) 64-Bit Server VM (25.162-b12 mixed mode windows-amd64 compressed oops)
# Failed to write core dump. Minidumps are not enabled by default on client versions of Windows
#

---------------  T H R E A D  ---------------

Current thread (0x000000001c7db000):  JavaThread "restartedMain" [_thread_in_vm, id=39800, stack(0x000000001dae0000,0x000000001dbe0000)]

Stack: [0x000000001dae0000,0x000000001dbe0000]
[error occurred during error reporting (printing stack bounds), id 0xc0000005]

Native frames: (J=compiled Java code, j=interpreted, Vv=VM code, C=native code)

Java frames: (J=compiled Java code, j=interpreted, Vv=VM code)
J 1029  java.lang.ClassLoader.defineClass1(Ljava/lang/String;[BIILjava/security/ProtectionDomain;Ljava/lang/String;)Ljava/lang/Class; (0 bytes) @ 0x0000000002dda3df [0x0000000002dda340+0x9f]
J 825 C1 java.lang.ClassLoader.defineClass(Ljava/lang/String;[BIILjava/security/ProtectionDomain;)Ljava/lang/Class; (43 bytes) @ 0x0000000002d85dcc [0x0000000002d85ca0+0x12c]
J 830 C1 java.net.URLClassLoader.defineClass(Ljava/lang/String;Lsun/misc/Resource;)Ljava/lang/Class; (142 bytes) @ 0x0000000002d8913c [0x0000000002d88720+0xa1c]
J 760 C1 java.net.URLClassLoader$1.run()Ljava/lang/Class; (63 bytes) @ 0x0000000002d6f01c [0x0000000002d6ef40+0xdc]
J 759 C1 java.net.URLClassLoader$1.run()Ljava/lang/Object; (5 bytes) @ 0x0000000002d6ec1c [0x0000000002d6ebe0+0x3c]
v  ~StubRoutines::call_stub
J 527  java.security.AccessController.doPrivileged(Ljava/security/PrivilegedExceptionAction;Ljava/security/AccessControlContext;)Ljava/lang/Object; (0 bytes) @ 0x0000000002cf5fe6 [0x0000000002cf5f80+0x66]
J 686 C1 java.net.URLClassLoader.findClass(Ljava/lang/String;)Ljava/lang/Class; (47 bytes) @ 0x0000000002d4fb64 [0x0000000002d4faa0+0xc4]
j  java.lang.ClassLoader.loadClass(Ljava/lang/String;Z)Ljava/lang/Class;+70
J 668 C1 sun.misc.Launcher$AppClassLoader.loadClass(Ljava/lang/String;Z)Ljava/lang/Class; (85 bytes) @ 0x0000000002d46e8c [0x0000000002d46b80+0x30c]
J 665 C1 java.lang.ClassLoader.loadClass(Ljava/lang/String;)Ljava/lang/Class; (7 bytes) @ 0x0000000002d45efc [0x0000000002d45ea0+0x5c]
v  ~StubRoutines::call_stub
J 1029  java.lang.ClassLoader.defineClass1(Ljava/lang/String;[BIILjava/security/ProtectionDomain;Ljava/lang/String;)Ljava/lang/Class; (0 bytes) @ 0x0000000002dda3df [0x0000000002dda340+0x9f]
J 825 C1 java.lang.ClassLoader.defineClass(Ljava/lang/String;[BIILjava/security/ProtectionDomain;)Ljava/lang/Class; (43 bytes) @ 0x0000000002d85dcc [0x0000000002d85ca0+0x12c]
J 830 C1 java.net.URLClassLoader.defineClass(Ljava/lang/String;Lsun/misc/Resource;)Ljava/lang/Class; (142 bytes) @ 0x0000000002d8913c [0x0000000002d88720+0xa1c]
J 760 C1 java.net.URLClassLoader$1.run()Ljava/lang/Class; (63 bytes) @ 0x0000000002d6f01c [0x0000000002d6ef40+0xdc]
J 759 C1 java.net.URLClassLoader$1.run()Ljava/lang/Object; (5 bytes) @ 0x0000000002d6ec1c [0x0000000002d6ebe0+0x3c]
v  ~StubRoutines::call_stub
J 527  java.security.AccessController.doPrivileged(Ljava/security/PrivilegedExceptionAction;Ljava/security/AccessControlContext;)Ljava/lang/Object; (0 bytes) @ 0x0000000002cf5fe6 [0x0000000002cf5f80+0x66]
J 686 C1 java.net.URLClassLoader.findClass(Ljava/lang/String;)Ljava/lang/Class; (47 bytes) @ 0x0000000002d4fb64 [0x0000000002d4faa0+0xc4]
j  java.lang.ClassLoader.loadClass(Ljava/lang/String;Z)Ljava/lang/Class;+70
J 668 C1 sun.misc.Launcher$AppClassLoader.loadClass(Ljava/lang/String;Z)Ljava/lang/Class; (85 bytes) @ 0x0000000002d46e8c [0x0000000002d46b80+0x30c]
J 665 C1 java.lang.ClassLoader.loadClass(Ljava/lang/String;)Ljava/lang/Class; (7 bytes) @ 0x0000000002d45efc [0x0000000002d45ea0+0x5c]
v  ~StubRoutines::call_stub
J 2231  java.lang.Class.getDeclaredMethods0(Z)[Ljava/lang/reflect/Method; (0 bytes) @ 0x0000000002fb4ebb [0x0000000002fb4e80+0x3b]
J 984 C1 java.lang.Class.privateGetDeclaredMethods(Z)[Ljava/lang/reflect/Method; (67 bytes) @ 0x0000000002dcb38c [0x0000000002dcb280+0x10c]
J 3403 C1 org.springframework.util.ReflectionUtils.getDeclaredMethods(Ljava/lang/Class;Z)[Ljava/lang/reflect/Method; (209 bytes) @ 0x00000000031cd0ac [0x00000000031ccfe0+0xcc]
J 3534 C1 org.springframework.util.ReflectionUtils.doWithLocalMethods(Ljava/lang/Class;Lorg/springframework/util/ReflectionUtils$MethodCallback;)V (89 bytes) @ 0x000000000322072c [0x0000000003220700+0x2c]
j  org.springframework.beans.factory.annotation.InitDestroyAnnotationBeanPostProcessor.buildLifecycleMetadata(Ljava/lang/Class;)Lorg/springframework/beans/factory/annotation/InitDestroyAnnotationBeanPostProcessor$LifecycleMetadata;+83
J 4277 C1 org.springframework.beans.factory.annotation.InitDestroyAnnotationBeanPostProcessor.findLifecycleMetadata(Ljava/lang/Class;)Lorg/springframework/beans/factory/annotation/InitDestroyAnnotationBeanPostProcessor$LifecycleMetadata; (87 bytes) @ 0x0000000003387934 [0x0000000003387740+0x1f4]
j  org.springframework.beans.factory.annotation.InitDestroyAnnotationBeanPostProcessor.postProcessMergedBeanDefinition(Lorg/springframework/beans/factory/support/RootBeanDefinition;Ljava/lang/Class;Ljava/lang/String;)V+2
j  org.springframework.context.annotation.CommonAnnotationBeanPostProcessor.postProcessMergedBeanDefinition(Lorg/springframework/beans/factory/support/RootBeanDefinition;Ljava/lang/Class;Ljava/lang/String;)V+4
J 4425 C1 org.springframework.beans.factory.support.AbstractAutowireCapableBeanFactory.applyMergedBeanDefinitionPostProcessors(Lorg/springframework/beans/factory/support/RootBeanDefinition;Ljava/lang/Class;Ljava/lang/String;)V (62 bytes) @ 0x00000000033d1404 [0x00000000033d1260+0x1a4]
j  org.springframework.beans.factory.support.AbstractAutowireCapableBeanFactory.doCreateBean(Ljava/lang/String;Lorg/springframework/beans/factory/support/RootBeanDefinition;[Ljava/lang/Object;)Ljava/lang/Object;+90
j  org.springframework.beans.factory.support.AbstractAutowireCapableBeanFactory.createBean(Ljava/lang/String;Lorg/springframework/beans/factory/support/RootBeanDefinition;[Ljava/lang/Object;)Ljava/lang/Object;+169
j  org.springframework.beans.factory.support.AbstractBeanFactory.lambda$doGetBean$0(Ljava/lang/String;Lorg/springframework/beans/factory/support/RootBeanDefinition;[Ljava/lang/Object;)Ljava/lang/Object;+4
j  org.springframework.beans.factory.support.AbstractBeanFactory$$Lambda$173.getObject()Ljava/lang/Object;+16
j  org.springframework.beans.factory.support.DefaultSingletonBeanRegistry.getSingleton(Ljava/lang/String;Lorg/springframework/beans/factory/ObjectFactory;)Ljava/lang/Object;+132
J 2929 C1 org.springframework.beans.factory.support.AbstractBeanFactory.doGetBean(Ljava/lang/String;Ljava/lang/Class;[Ljava/lang/Object;Z)Ljava/lang/Object; (833 bytes) @ 0x00000000030e7274 [0x00000000030e6d40+0x534]
j  org.springframework.beans.factory.support.AbstractBeanFactory.getBean(Ljava/lang/String;)Ljava/lang/Object;+5
j  org.springframework.beans.factory.config.DependencyDescriptor.resolveCandidate(Ljava/lang/String;Ljava/lang/Class;Lorg/springframework/beans/factory/BeanFactory;)Ljava/lang/Object;+2
j  org.springframework.beans.factory.support.DefaultListableBeanFactory.doResolveDependency(Lorg/springframework/beans/factory/config/DependencyDescriptor;Ljava/lang/String;Ljava/util/Set;Lorg/springframework/beans/TypeConverter;)Ljava/lang/Object;+440
j  org.springframework.beans.factory.support.DefaultListableBeanFactory.resolveDependency(Lorg/springframework/beans/factory/config/DependencyDescriptor;Ljava/lang/String;Ljava/util/Set;Lorg/springframework/beans/TypeConverter;)Ljava/lang/Object;+108
j  org.springframework.beans.factory.support.ConstructorResolver.resolveAutowiredArgument(Lorg/springframework/core/MethodParameter;Ljava/lang/String;Ljava/util/Set;Lorg/springframework/beans/TypeConverter;Z)Ljava/lang/Object;+79
j  org.springframework.beans.factory.support.ConstructorResolver.createArgumentArray(Ljava/lang/String;Lorg/springframework/beans/factory/support/RootBeanDefinition;Lorg/springframework/beans/factory/config/ConstructorArgumentValues;Lorg/springframework/beans/BeanWrapper;[Ljava/lang/Class;[Ljava/lang/String;Ljava/lang/reflect/Executable;ZZ)Lorg/springframework/beans/factory/support/ConstructorResolver$ArgumentsHolder;+434
j  org.springframework.beans.factory.support.ConstructorResolver.instantiateUsingFactoryMethod(Ljava/lang/String;Lorg/springframework/beans/factory/support/RootBeanDefinition;[Ljava/lang/Object;)Lorg/springframework/beans/BeanWrapper;+712
j  org.springframework.beans.factory.support.AbstractAutowireCapableBeanFactory.instantiateUsingFactoryMethod(Ljava/lang/String;Lorg/springframework/beans/factory/support/RootBeanDefinition;[Ljava/lang/Object;)Lorg/springframework/beans/BeanWrapper;+11
j  org.springframework.beans.factory.support.AbstractAutowireCapableBeanFactory.createBeanInstance(Ljava/lang/String;Lorg/springframework/beans/factory/support/RootBeanDefinition;[Ljava/lang/Object;)Lorg/springframework/beans/BeanWrapper;+101
j  org.springframework.beans.factory.support.AbstractAutowireCapableBeanFactory.doCreateBean(Ljava/lang/String;Lorg/springframework/beans/factory/support/RootBeanDefinition;[Ljava/lang/Object;)Ljava/lang/Object;+34
j  org.springframework.beans.factory.support.AbstractAutowireCapableBeanFactory.createBean(Ljava/lang/String;Lorg/springframework/beans/factory/support/RootBeanDefinition;[Ljava/lang/Object;)Ljava/lang/Object;+169
j  org.springframework.beans.factory.support.AbstractBeanFactory.lambda$doGetBean$0(Ljava/lang/String;Lorg/springframework/beans/factory/support/RootBeanDefinition;[Ljava/lang/Object;)Ljava/lang/Object;+4
j  org.springframework.beans.factory.support.AbstractBeanFactory$$Lambda$173.getObject()Ljava/lang/Object;+16
j  org.springframework.beans.factory.support.DefaultSingletonBeanRegistry.getSingleton(Ljava/lang/String;Lorg/springframework/beans/factory/ObjectFactory;)Ljava/lang/Object;+132
J 2929 C1 org.springframework.beans.factory.support.AbstractBeanFactory.doGetBean(Ljava/lang/String;Ljava/lang/Class;[Ljava/lang/Object;Z)Ljava/lang/Object; (833 bytes) @ 0x00000000030e7274 [0x00000000030e6d40+0x534]
j  org.springframework.beans.factory.support.AbstractBeanFactory.getBean(Ljava/lang/String;)Ljava/lang/Object;+5
j  org.springframework.beans.factory.config.DependencyDescriptor.resolveCandidate(Ljava/lang/String;Ljava/lang/Class;Lorg/springframework/beans/factory/BeanFactory;)Ljava/lang/Object;+2
j  org.springframework.beans.factory.support.DefaultListableBeanFactory.doResolveDependency(Lorg/springframework/beans/factory/config/DependencyDescriptor;Ljava/lang/String;Ljava/util/Set;Lorg/springframework/beans/TypeConverter;)Ljava/lang/Object;+440
j  org.springframework.beans.factory.support.DefaultListableBeanFactory.resolveDependency(Lorg/springframework/beans/factory/config/DependencyDescriptor;Ljava/lang/String;Ljava/util/Set;Lorg/springframework/beans/TypeConverter;)Ljava/lang/Object;+108
j  org.springframework.beans.factory.annotation.AutowiredAnnotationBeanPostProcessor$AutowiredFieldElement.inject(Ljava/lang/Object;Ljava/lang/String;Lorg/springframework/beans/PropertyValues;)V+115
j  org.springframework.beans.factory.annotation.InjectionMetadata.inject(Ljava/lang/Object;Ljava/lang/String;Lorg/springframework/beans/PropertyValues;)V+116
j  org.springframework.beans.factory.annotation.AutowiredAnnotationBeanPostProcessor.postProcessProperties(Lorg/springframework/beans/PropertyValues;Ljava/lang/Object;Ljava/lang/String;)Lorg/springframework/beans/PropertyValues;+17
j  org.springframework.beans.factory.support.AbstractAutowireCapableBeanFactory.populateBean(Ljava/lang/String;Lorg/springframework/beans/factory/support/RootBeanDefinition;Lorg/springframework/beans/BeanWrapper;)V+303
j  org.springframework.beans.factory.support.AbstractAutowireCapableBeanFactory.doCreateBean(Ljava/lang/String;Lorg/springframework/beans/factory/support/RootBeanDefinition;[Ljava/lang/Object;)Ljava/lang/Object;+237
j  org.springframework.beans.factory.support.AbstractAutowireCapableBeanFactory.createBean(Ljava/lang/String;Lorg/springframework/beans/factory/support/RootBeanDefinition;[Ljava/lang/Object;)Ljava/lang/Object;+169
j  org.springframework.beans.factory.support.AbstractBeanFactory.lambda$doGetBean$0(Ljava/lang/String;Lorg/springframework/beans/factory/support/RootBeanDefinition;[Ljava/lang/Object;)Ljava/lang/Object;+4
j  org.springframework.beans.factory.support.AbstractBeanFactory$$Lambda$173.getObject()Ljava/lang/Object;+16
j  org.springframework.beans.factory.support.DefaultSingletonBeanRegistry.getSingleton(Ljava/lang/String;Lorg/springframework/beans/factory/ObjectFactory;)Ljava/lang/Object;+132
J 2929 C1 org.springframework.beans.factory.support.AbstractBeanFactory.doGetBean(Ljava/lang/String;Ljava/lang/Class;[Ljava/lang/Object;Z)Ljava/lang/Object; (833 bytes) @ 0x00000000030e7274 [0x00000000030e6d40+0x534]
j  org.springframework.beans.factory.support.AbstractBeanFactory.getBean(Ljava/lang/String;)Ljava/lang/Object;+5
j  org.springframework.beans.factory.config.DependencyDescriptor.resolveCandidate(Ljava/lang/String;Ljava/lang/Class;Lorg/springframework/beans/factory/BeanFactory;)Ljava/lang/Object;+2
j  org.springframework.beans.factory.support.DefaultListableBeanFactory.doResolveDependency(Lorg/springframework/beans/factory/config/DependencyDescriptor;Ljava/lang/String;Ljava/util/Set;Lorg/springframework/beans/TypeConverter;)Ljava/lang/Object;+440
j  org.springframework.beans.factory.support.DefaultListableBeanFactory.resolveDependency(Lorg/springframework/beans/factory/config/DependencyDescriptor;Ljava/lang/String;Ljava/util/Set;Lorg/springframework/beans/TypeConverter;)Ljava/lang/Object;+108
j  org.springframework.beans.factory.annotation.AutowiredAnnotationBeanPostProcessor$AutowiredFieldElement.inject(Ljava/lang/Object;Ljava/lang/String;Lorg/springframework/beans/PropertyValues;)V+115
j  org.springframework.beans.factory.annotation.InjectionMetadata.inject(Ljava/lang/Object;Ljava/lang/String;Lorg/springframework/beans/PropertyValues;)V+116
j  org.springframework.beans.factory.annotation.AutowiredAnnotationBeanPostProcessor.postProcessProperties(Lorg/springframework/beans/PropertyValues;Ljava/lang/Object;Ljava/lang/String;)Lorg/springframework/beans/PropertyValues;+17
j  org.springframework.beans.factory.support.AbstractAutowireCapableBeanFactory.populateBean(Ljava/lang/String;Lorg/springframework/beans/factory/support/RootBeanDefinition;Lorg/springframework/beans/BeanWrapper;)V+303
j  org.springframework.beans.factory.support.AbstractAutowireCapableBeanFactory.doCreateBean(Ljava/lang/String;Lorg/springframework/beans/factory/support/RootBeanDefinition;[Ljava/lang/Object;)Ljava/lang/Object;+237
j  org.springframework.beans.factory.support.AbstractAutowireCapableBeanFactory.createBean(Ljava/lang/String;Lorg/springframework/beans/factory/support/RootBeanDefinition;[Ljava/lang/Object;)Ljava/lang/Object;+169
j  org.springframework.beans.factory.support.AbstractBeanFactory.lambda$doGetBean$0(Ljava/lang/String;Lorg/springframework/beans/factory/support/RootBeanDefinition;[Ljava/lang/Object;)Ljava/lang/Object;+4
j  org.springframework.beans.factory.support.AbstractBeanFactory$$Lambda$173.getObject()Ljava/lang/Object;+16
j  org.springframework.beans.factory.support.DefaultSingletonBeanRegistry.getSingleton(Ljava/lang/String;Lorg/springframework/beans/factory/ObjectFactory;)Ljava/lang/Object;+132
J 2929 C1 org.springframework.beans.factory.support.AbstractBeanFactory.doGetBean(Ljava/lang/String;Ljava/lang/Class;[Ljava/lang/Object;Z)Ljava/lang/Object; (833 bytes) @ 0x00000000030e7274 [0x00000000030e6d40+0x534]
j  org.springframework.beans.factory.support.AbstractBeanFactory.getBean(Ljava/lang/String;)Ljava/lang/Object;+5
j  org.springframework.beans.factory.support.DefaultListableBeanFactory.preInstantiateSingletons()V+248
j  org.springframework.context.support.AbstractApplicationContext.finishBeanFactoryInitialization(Lorg/springframework/beans/factory/config/ConfigurableListableBeanFactory;)V+124
j  org.springframework.context.support.AbstractApplicationContext.refresh()V+54
j  org.springframework.boot.web.servlet.context.ServletWebServerApplicationContext.refresh()V+1
j  org.springframework.boot.SpringApplication.refresh(Lorg/springframework/context/ApplicationContext;)V+10
j  org.springframework.boot.SpringApplication.refreshContext(Lorg/springframework/context/ConfigurableApplicationContext;)V+2
j  org.springframework.boot.SpringApplication.run([Ljava/lang/String;)Lorg/springframework/context/ConfigurableApplicationContext;+118
j  org.springframework.boot.SpringApplication.run([Ljava/lang/Class;[Ljava/lang/String;)Lorg/springframework/context/ConfigurableApplicationContext;+9
j  org.springframework.boot.SpringApplication.run(Ljava/lang/Class;[Ljava/lang/String;)Lorg/springframework/context/ConfigurableApplicationContext;+9
j  com.atguigu.gmall.list.ServiceListApplication.main([Ljava/lang/String;)V+3
v  ~StubRoutines::call_stub
j  sun.reflect.NativeMethodAccessorImpl.invoke0(Ljava/lang/reflect/Method;Ljava/lang/Object;[Ljava/lang/Object;)Ljava/lang/Object;+0
j  sun.reflect.NativeMethodAccessorImpl.invoke(Ljava/lang/Object;[Ljava/lang/Object;)Ljava/lang/Object;+100
j  sun.reflect.DelegatingMethodAccessorImpl.invoke(Ljava/lang/Object;[Ljava/lang/Object;)Ljava/lang/Object;+6
j  java.lang.reflect.Method.invoke(Ljava/lang/Object;[Ljava/lang/Object;)Ljava/lang/Object;+56
j  org.springframework.boot.devtools.restart.RestartLauncher.run()V+41
v  ~StubRoutines::call_stub

---------------  P R O C E S S  ---------------

Java Threads: ( => current thread )
  0x000000001f82e800 JavaThread "I/O dispatcher 4" [_thread_in_native, id=25988, stack(0x0000000022280000,0x0000000022380000)]
  0x000000001f82e000 JavaThread "I/O dispatcher 3" [_thread_in_native, id=37064, stack(0x0000000022180000,0x0000000022280000)]
  0x000000001f82f800 JavaThread "I/O dispatcher 2" [_thread_in_native, id=7392, stack(0x0000000022080000,0x0000000022180000)]
  0x000000001f833000 JavaThread "I/O dispatcher 1" [_thread_in_native, id=40712, stack(0x0000000021f80000,0x0000000022080000)]
  0x000000001f831800 JavaThread "pool-1-thread-1" [_thread_in_native, id=40688, stack(0x0000000021e80000,0x0000000021f80000)]
  0x000000001f832800 JavaThread "container-0" [_thread_blocked, id=37680, stack(0x0000000020bb0000,0x0000000020cb0000)]
  0x000000001f82d000 JavaThread "Catalina-utility-2" [_thread_blocked, id=34668, stack(0x0000000020ab0000,0x0000000020bb0000)]
  0x000000001f834000 JavaThread "Catalina-utility-1" [_thread_blocked, id=32940, stack(0x00000000209b0000,0x0000000020ab0000)]
  0x000000001c801000 JavaThread "RMI Scheduler(0)" daemon [_thread_blocked, id=38268, stack(0x000000001dbe0000,0x000000001dce0000)]
=>0x000000001c7db000 JavaThread "restartedMain" [_thread_in_vm, id=39800, stack(0x000000001dae0000,0x000000001dbe0000)]
  0x000000001c7c5800 JavaThread "RMI TCP Connection(1)-192.168.200.1" daemon [_thread_in_native, id=38120, stack(0x000000001d9e0000,0x000000001dae0000)]
  0x000000001c7c2800 JavaThread "Thread-1" [_thread_blocked, id=36532, stack(0x000000001d8e0000,0x000000001d9e0000)]
  0x000000001c589800 JavaThread "RMI TCP Accept-0" daemon [_thread_in_native, id=15540, stack(0x000000001d430000,0x000000001d530000)]
  0x000000001bf09800 JavaThread "Service Thread" daemon [_thread_blocked, id=11872, stack(0x000000001c340000,0x000000001c440000)]
  0x000000001bee1000 JavaThread "C1 CompilerThread2" daemon [_thread_blocked, id=39912, stack(0x000000001c240000,0x000000001c340000)]
  0x000000001bee0800 JavaThread "C2 CompilerThread1" daemon [_thread_blocked, id=7412, stack(0x000000001c140000,0x000000001c240000)]
  0x000000001be66000 JavaThread "C2 CompilerThread0" daemon [_thread_blocked, id=33712, stack(0x000000001c040000,0x000000001c140000)]
  0x0000000019c38800 JavaThread "JDWP Command Reader" daemon [_thread_in_native, id=39116, stack(0x000000001b740000,0x000000001b840000)]
  0x0000000019c35000 JavaThread "JDWP Event Helper Thread" daemon [_thread_blocked, id=38140, stack(0x000000001b640000,0x000000001b740000)]
  0x0000000019c29800 JavaThread "JDWP Transport Listener: dt_socket" daemon [_thread_blocked, id=37944, stack(0x000000001b540000,0x000000001b640000)]
  0x000000001af83800 JavaThread "Attach Listener" daemon [_thread_blocked, id=40716, stack(0x000000001b440000,0x000000001b540000)]
  0x0000000019c0c000 JavaThread "Signal Dispatcher" daemon [_thread_blocked, id=12600, stack(0x000000001b340000,0x000000001b440000)]
  0x0000000019bdc000 JavaThread "Finalizer" daemon [_thread_blocked, id=36380, stack(0x000000001ae40000,0x000000001af40000)]
  0x0000000019bb9800 JavaThread "Reference Handler" daemon [_thread_blocked, id=24532, stack(0x000000001ad40000,0x000000001ae40000)]
  0x000000000292a000 JavaThread "main" [_thread_blocked, id=37948, stack(0x0000000002720000,0x0000000002820000)]

Other Threads:
  0x0000000019bb7800 VMThread [stack: 0x000000001ac40000,0x000000001ad40000] [id=37732]
  0x000000001c590000 WatcherThread [stack: 0x000000001d530000,0x000000001d630000] [id=40900]

VM state:not at safepoint (normal execution)

VM Mutex/Monitor currently owned by a thread: None

Heap:
 PSYoungGen      total 234496K, used 53831K [0x0000000780600000, 0x000000078f980000, 0x00000007c0000000)
  eden space 222208K, 18% used [0x0000000780600000,0x0000000782e9dec0,0x000000078df00000)
  from space 12288K, 99% used [0x000000078ed80000,0x000000078f974030,0x000000078f980000)
  to   space 13312K, 0% used [0x000000078df80000,0x000000078df80000,0x000000078ec80000)
 ParOldGen       total 72192K, used 19485K [0x0000000701200000, 0x0000000705880000, 0x0000000780600000)
  object space 72192K, 26% used [0x0000000701200000,0x0000000702507538,0x0000000705880000)
 Metaspace       used 47210K, capacity 49986K, committed 50176K, reserved 1093632K
  class space    used 6283K, capacity 6856K, committed 6912K, reserved 1048576K

Card table byte_map: [0x0000000011ee0000,0x00000000124e0000] byte_map_base: 0x000000000e6d7000

Marking Bits: (ParMarkBitMap*) 0x0000000075d40860
 Begin Bits: [0x0000000012ce0000, 0x0000000015c98000)
 End Bits:   [0x0000000015c98000, 0x0000000018c50000)

Polling page: 0x00000000003f0000

CodeCache: size=245760Kb used=9904Kb max_used=9904Kb free=235855Kb
 bounds [0x0000000002b20000, 0x00000000034d0000, 0x0000000011b20000]
 total_blobs=5344 nmethods=4812 adapters=451
 compilation: enabled

Compilation events (10 events):
Event: 44.351 Thread 0x000000001bee1000 4849       1       java.lang.invoke.MethodType::dropParameterTypes (162 bytes)
Event: 44.352 Thread 0x000000001bee1000 nmethod 4849 0x00000000034ca590 code [0x00000000034ca7a0, 0x00000000034cae48]
Event: 44.352 Thread 0x000000001bee1000 4850       1       java.lang.invoke.LambdaFormEditor$Transform::of (49 bytes)
Event: 44.353 Thread 0x000000001bee1000 nmethod 4850 0x00000000034cb3d0 code [0x00000000034cb560, 0x00000000034cb978]
Event: 44.353 Thread 0x000000001bee1000 4851       1       java.lang.invoke.LambdaFormEditor$Transform::bval (8 bytes)
Event: 44.353 Thread 0x000000001bee1000 nmethod 4851 0x00000000034cbbd0 code [0x00000000034cbd20, 0x00000000034cbe30]
Event: 44.353 Thread 0x000000001bee1000 4852       1       java.lang.invoke.LambdaFormEditor$Transform::bval (26 bytes)
Event: 44.353 Thread 0x000000001bee1000 nmethod 4852 0x00000000034cbed0 code [0x00000000034cc020, 0x00000000034cc110]
Event: 44.353 Thread 0x000000001bee1000 4853       1       java.lang.invoke.LambdaFormEditor$Transform::packedBytes (32 bytes)
Event: 44.353 Thread 0x000000001bee1000 nmethod 4853 0x00000000034cc190 code [0x00000000034cc2e0, 0x00000000034cc3d0]

GC Heap History (10 events):
Event: 34.796 GC heap before
{Heap before GC invocations=10 (full 1):
 PSYoungGen      total 167936K, used 167459K [0x0000000780600000, 0x000000078b700000, 0x00000007c0000000)
  eden space 160256K, 100% used [0x0000000780600000,0x000000078a280000,0x000000078a280000)
  from space 7680K, 93% used [0x000000078af80000,0x000000078b688d18,0x000000078b700000)
  to   space 9728K, 0% used [0x000000078a400000,0x000000078a400000,0x000000078ad80000)
 ParOldGen       total 72192K, used 8529K [0x0000000701200000, 0x0000000705880000, 0x0000000780600000)
  object space 72192K, 11% used [0x0000000701200000,0x0000000701a546d8,0x0000000705880000)
 Metaspace       used 33405K, capacity 34958K, committed 35072K, reserved 1079296K
  class space    used 4408K, capacity 4751K, committed 4864K, reserved 1048576K
Event: 34.814 GC heap after
Heap after GC invocations=10 (full 1):
 PSYoungGen      total 164352K, used 9717K [0x0000000780600000, 0x000000078b400000, 0x00000007c0000000)
  eden space 154624K, 0% used [0x0000000780600000,0x0000000780600000,0x0000000789d00000)
  from space 9728K, 99% used [0x000000078a400000,0x000000078ad7d798,0x000000078ad80000)
  to   space 6656K, 0% used [0x000000078ad80000,0x000000078ad80000,0x000000078b400000)
 ParOldGen       total 72192K, used 11807K [0x0000000701200000, 0x0000000705880000, 0x0000000780600000)
  object space 72192K, 16% used [0x0000000701200000,0x0000000701d87df0,0x0000000705880000)
 Metaspace       used 33405K, capacity 34958K, committed 35072K, reserved 1079296K
  class space    used 4408K, capacity 4751K, committed 4864K, reserved 1048576K
}
Event: 35.035 GC heap before
{Heap before GC invocations=11 (full 1):
 PSYoungGen      total 164352K, used 25632K [0x0000000780600000, 0x000000078b400000, 0x00000007c0000000)
  eden space 154624K, 10% used [0x0000000780600000,0x000000078158aac8,0x0000000789d00000)
  from space 9728K, 99% used [0x000000078a400000,0x000000078ad7d798,0x000000078ad80000)
  to   space 6656K, 0% used [0x000000078ad80000,0x000000078ad80000,0x000000078b400000)
 ParOldGen       total 72192K, used 11807K [0x0000000701200000, 0x0000000705880000, 0x0000000780600000)
  object space 72192K, 16% used [0x0000000701200000,0x0000000701d87df0,0x0000000705880000)
 Metaspace       used 33891K, capacity 35436K, committed 35496K, reserved 1079296K
  class space    used 4487K, capacity 4826K, committed 4864K, reserved 1048576K
Event: 35.046 GC heap after
Heap after GC invocations=11 (full 1):
 PSYoungGen      total 165888K, used 4450K [0x0000000780600000, 0x0000000790080000, 0x00000007c0000000)
  eden space 159232K, 0% used [0x0000000780600000,0x0000000780600000,0x000000078a180000)
  from space 6656K, 66% used [0x000000078ad80000,0x000000078b1d89f0,0x000000078b400000)
  to   space 12288K, 0% used [0x000000078a180000,0x000000078a180000,0x000000078ad80000)
 ParOldGen       total 72192K, used 14400K [0x0000000701200000, 0x0000000705880000, 0x0000000780600000)
  object space 72192K, 19% used [0x0000000701200000,0x00000007020101c0,0x0000000705880000)
 Metaspace       used 33891K, capacity 35436K, committed 35496K, reserved 1079296K
  class space    used 4487K, capacity 4826K, committed 4864K, reserved 1048576K
}
Event: 35.046 GC heap before
{Heap before GC invocations=12 (full 2):
 PSYoungGen      total 165888K, used 4450K [0x0000000780600000, 0x0000000790080000, 0x00000007c0000000)
  eden space 159232K, 0% used [0x0000000780600000,0x0000000780600000,0x000000078a180000)
  from space 6656K, 66% used [0x000000078ad80000,0x000000078b1d89f0,0x000000078b400000)
  to   space 12288K, 0% used [0x000000078a180000,0x000000078a180000,0x000000078ad80000)
 ParOldGen       total 72192K, used 14400K [0x0000000701200000, 0x0000000705880000, 0x0000000780600000)
  object space 72192K, 19% used [0x0000000701200000,0x00000007020101c0,0x0000000705880000)
 Metaspace       used 33891K, capacity 35436K, committed 35496K, reserved 1079296K
  class space    used 4487K, capacity 4826K, committed 4864K, reserved 1048576K
Event: 35.180 GC heap after
Heap after GC invocations=12 (full 2):
 PSYoungGen      total 165888K, used 0K [0x0000000780600000, 0x0000000790080000, 0x00000007c0000000)
  eden space 159232K, 0% used [0x0000000780600000,0x0000000780600000,0x000000078a180000)
  from space 6656K, 0% used [0x000000078ad80000,0x000000078ad80000,0x000000078b400000)
  to   space 12288K, 0% used [0x000000078a180000,0x000000078a180000,0x000000078ad80000)
 ParOldGen       total 72192K, used 14075K [0x0000000701200000, 0x0000000705880000, 0x0000000780600000)
  object space 72192K, 19% used [0x0000000701200000,0x0000000701fbef78,0x0000000705880000)
 Metaspace       used 33891K, capacity 35436K, committed 35496K, reserved 1079296K
  class space    used 4487K, capacity 4826K, committed 4864K, reserved 1048576K
}
Event: 38.317 GC heap before
{Heap before GC invocations=13 (full 2):
 PSYoungGen      total 165888K, used 159232K [0x0000000780600000, 0x0000000790080000, 0x00000007c0000000)
  eden space 159232K, 100% used [0x0000000780600000,0x000000078a180000,0x000000078a180000)
  from space 6656K, 0% used [0x000000078ad80000,0x000000078ad80000,0x000000078b400000)
  to   space 12288K, 0% used [0x000000078a180000,0x000000078a180000,0x000000078ad80000)
 ParOldGen       total 72192K, used 14075K [0x0000000701200000, 0x0000000705880000, 0x0000000780600000)
  object space 72192K, 19% used [0x0000000701200000,0x0000000701fbef78,0x0000000705880000)
 Metaspace       used 37738K, capacity 39876K, committed 40064K, reserved 1083392K
  class space    used 4962K, capacity 5380K, committed 5504K, reserved 1048576K
Event: 38.329 GC heap after
Heap after GC invocations=13 (full 2):
 PSYoungGen      total 171520K, used 8705K [0x0000000780600000, 0x000000078f980000, 0x00000007c0000000)
  eden space 159232K, 0% used [0x0000000780600000,0x0000000780600000,0x000000078a180000)
  from space 12288K, 70% used [0x000000078a180000,0x000000078aa00410,0x000000078ad80000)
  to   space 12288K, 0% used [0x000000078ed80000,0x000000078ed80000,0x000000078f980000)
 ParOldGen       total 72192K, used 14083K [0x0000000701200000, 0x0000000705880000, 0x0000000780600000)
  object space 72192K, 19% used [0x0000000701200000,0x0000000701fc0f78,0x0000000705880000)
 Metaspace       used 37738K, capacity 39876K, committed 40064K, reserved 1083392K
  class space    used 4962K, capacity 5380K, committed 5504K, reserved 1048576K
}
Event: 42.393 GC heap before
{Heap before GC invocations=14 (full 2):
 PSYoungGen      total 171520K, used 167937K [0x0000000780600000, 0x000000078f980000, 0x00000007c0000000)
  eden space 159232K, 100% used [0x0000000780600000,0x000000078a180000,0x000000078a180000)
  from space 12288K, 70% used [0x000000078a180000,0x000000078aa00410,0x000000078ad80000)
  to   space 12288K, 0% used [0x000000078ed80000,0x000000078ed80000,0x000000078f980000)
 ParOldGen       total 72192K, used 14083K [0x0000000701200000, 0x0000000705880000, 0x0000000780600000)
  object space 72192K, 19% used [0x0000000701200000,0x0000000701fc0f78,0x0000000705880000)
 Metaspace       used 45084K, capacity 47762K, committed 48128K, reserved 1091584K
  class space    used 6001K, capacity 6556K, committed 6656K, reserved 1048576K
Event: 42.421 GC heap after
Heap after GC invocations=14 (full 2):
 PSYoungGen      total 234496K, used 12240K [0x0000000780600000, 0x000000078f980000, 0x00000007c0000000)
  eden space 222208K, 0% used [0x0000000780600000,0x0000000780600000,0x000000078df00000)
  from space 12288K, 99% used [0x000000078ed80000,0x000000078f974030,0x000000078f980000)
  to   space 13312K, 0% used [0x000000078df80000,0x000000078df80000,0x000000078ec80000)
 ParOldGen       total 72192K, used 19485K [0x0000000701200000, 0x0000000705880000, 0x0000000780600000)
  object space 72192K, 26% used [0x0000000701200000,0x0000000702507538,0x0000000705880000)
 Metaspace       used 45084K, capacity 47762K, committed 48128K, reserved 1091584K
  class space    used 6001K, capacity 6556K, committed 6656K, reserved 1048576K
}

Deoptimization events (0 events):
No events

Classes redefined (0 events):
No events

Internal exceptions (10 events):
Event: 41.822 Thread 0x000000001c7db000 Exception <a 'java/lang/NoSuchMethodError': java.lang.Object.lambda$direct$1(Lorg/springframework/data/repository/core/support/MethodLookup$MethodPredicate;)Ljava/util/List;> (0x0000000788c35078) thrown at [C:\re\workspace\8-2-build-windows-amd64-cygwin\j
Event: 41.825 Thread 0x000000001c7db000 Exception <a 'java/lang/NoSuchMethodError': java.lang.Object.lambda$and$0(Lorg/springframework/data/repository/core/support/MethodLookup;)Ljava/util/List;> (0x0000000788c5b258) thrown at [C:\re\workspace\8-2-build-windows-amd64-cygwin\jdk8u162\10278\hotsp
Event: 41.833 Thread 0x000000001c7db000 Exception <a 'java/lang/IncompatibleClassChangeError': Found class java.lang.Object, but interface was expected> (0x0000000788cdfa78) thrown at [C:\re\workspace\8-2-build-windows-amd64-cygwin\jdk8u162\10278\hotspot\src\share\vm\interpreter\linkResolver.cp
Event: 44.016 Thread 0x000000001c7db000 Exception <a 'java/lang/ArrayIndexOutOfBoundsException'> (0x00000007813cd118) thrown at [C:\re\workspace\8-2-build-windows-amd64-cygwin\jdk8u162\10278\hotspot\src\share\vm\runtime\sharedRuntime.cpp, line 605]
Event: 44.024 Thread 0x000000001c7db000 Exception <a 'java/lang/ArrayIndexOutOfBoundsException'> (0x00000007814ad298) thrown at [C:\re\workspace\8-2-build-windows-amd64-cygwin\jdk8u162\10278\hotspot\src\share\vm\runtime\sharedRuntime.cpp, line 605]
Event: 44.035 Thread 0x000000001c7db000 Exception <a 'java/lang/ArrayIndexOutOfBoundsException'> (0x000000078155f2b8) thrown at [C:\re\workspace\8-2-build-windows-amd64-cygwin\jdk8u162\10278\hotspot\src\share\vm\runtime\sharedRuntime.cpp, line 605]
Event: 44.305 Thread 0x000000001c7db000 Exception <a 'java/lang/ArrayIndexOutOfBoundsException'> (0x0000000782505670) thrown at [C:\re\workspace\8-2-build-windows-amd64-cygwin\jdk8u162\10278\hotspot\src\share\vm\runtime\sharedRuntime.cpp, line 605]
Event: 44.306 Thread 0x000000001c7db000 Exception <a 'java/lang/ArrayIndexOutOfBoundsException'> (0x000000078250c018) thrown at [C:\re\workspace\8-2-build-windows-amd64-cygwin\jdk8u162\10278\hotspot\src\share\vm\runtime\sharedRuntime.cpp, line 605]
Event: 44.309 Thread 0x000000001c7db000 Exception <a 'java/lang/ArrayIndexOutOfBoundsException'> (0x000000078253a9a0) thrown at [C:\re\workspace\8-2-build-windows-amd64-cygwin\jdk8u162\10278\hotspot\src\share\vm\runtime\sharedRuntime.cpp, line 605]
Event: 44.311 Thread 0x000000001c7db000 Exception <a 'java/lang/ArrayIndexOutOfBoundsException'> (0x00000007825521a8) thrown at [C:\re\workspace\8-2-build-windows-amd64-cygwin\jdk8u162\10278\hotspot\src\share\vm\runtime\sharedRuntime.cpp, line 605]

Events (10 events):
Event: 44.399 Thread 0x000000001c7db000 DEOPT PACKING pc=0x00000000034beacc sp=0x000000001dbda730
Event: 44.399 Thread 0x000000001c7db000 DEOPT UNPACKING pc=0x0000000002b67890 sp=0x000000001dbda550 mode 1
Event: 44.400 loading class org/springframework/data/redis/connection/DefaultedRedisClusterConnection
Event: 44.400 loading class org/springframework/data/redis/connection/DefaultedRedisClusterConnection done
Event: 44.400 Thread 0x000000001c7db000 DEOPT PACKING pc=0x0000000002d4fc11 sp=0x000000001dbd7f40
Event: 44.400 Thread 0x000000001c7db000 DEOPT UNPACKING pc=0x0000000002b67890 sp=0x000000001dbd7c90 mode 1
Event: 44.400 Thread 0x000000001c7db000 DEOPT PACKING pc=0x00000000034beb84 sp=0x000000001dbd7fc0
Event: 44.400 Thread 0x000000001c7db000 DEOPT UNPACKING pc=0x0000000002b67890 sp=0x000000001dbd7de0 mode 1
Event: 44.400 Thread 0x000000001c7db000 DEOPT PACKING pc=0x00000000034beacc sp=0x000000001dbd8150
Event: 44.400 Thread 0x000000001c7db000 DEOPT UNPACKING pc=0x0000000002b67890 sp=0x000000001dbd7f70 mode 1


Dynamic libraries:
0x00007ff791f10000 - 0x00007ff791f47000 	D:\jdk1.8.0_162\bin\java.exe
0x00007ffb2bc00000 - 0x00007ffb2bdf0000 	C:\Windows\SYSTEM32\ntdll.dll
0x00007ffb2a2d0000 - 0x00007ffb2a382000 	C:\Windows\System32\KERNEL32.DLL
0x00007ffb29710000 - 0x00007ffb299b3000 	C:\Windows\System32\KERNELBASE.dll
0x00007ffb2a390000 - 0x00007ffb2a433000 	C:\Windows\System32\ADVAPI32.dll
0x00007ffb29e40000 - 0x00007ffb29ede000 	C:\Windows\System32\msvcrt.dll
0x00007ffb2ac70000 - 0x00007ffb2ad07000 	C:\Windows\System32\sechost.dll
0x00007ffb2a140000 - 0x00007ffb2a260000 	C:\Windows\System32\RPCRT4.dll
0x00007ffb2b560000 - 0x00007ffb2b6f3000 	C:\Windows\System32\USER32.dll
0x00007ffb29680000 - 0x00007ffb296a1000 	C:\Windows\System32\win32u.dll
0x00007ffb2a440000 - 0x00007ffb2a466000 	C:\Windows\System32\GDI32.dll
0x00007ffb29ae0000 - 0x00007ffb29c74000 	C:\Windows\System32\gdi32full.dll
0x00007ffb299c0000 - 0x00007ffb29a5e000 	C:\Windows\System32\msvcp_win.dll
0x00007ffb29310000 - 0x00007ffb2940a000 	C:\Windows\System32\ucrtbase.dll
0x00007ffb16de0000 - 0x00007ffb17065000 	C:\Windows\WinSxS\amd64_microsoft.windows.common-controls_6595b64144ccf1df_6.0.18362.387_none_e6c5af5b130e4216\COMCTL32.dll
0x00007ffb2b720000 - 0x00007ffb2ba56000 	C:\Windows\System32\combase.dll
0x00007ffb29a60000 - 0x00007ffb29ae0000 	C:\Windows\System32\bcryptPrimitives.dll
0x00007ffb2bb90000 - 0x00007ffb2bbbe000 	C:\Windows\System32\IMM32.DLL
0x0000000075dc0000 - 0x0000000075e91000 	D:\jdk1.8.0_162\jre\bin\msvcr100.dll
0x0000000075520000 - 0x0000000075dc0000 	D:\jdk1.8.0_162\jre\bin\server\jvm.dll
0x00007ffb29e30000 - 0x00007ffb29e38000 	C:\Windows\System32\PSAPI.DLL
0x00007ffb19880000 - 0x00007ffb19889000 	C:\Windows\SYSTEM32\WSOCK32.dll
0x00007ffb2a260000 - 0x00007ffb2a2cf000 	C:\Windows\System32\WS2_32.dll
0x00007ffb1f770000 - 0x00007ffb1f794000 	C:\Windows\SYSTEM32\WINMM.dll
0x00007ffb24e60000 - 0x00007ffb24e6a000 	C:\Windows\SYSTEM32\VERSION.dll
0x00007ffb1f740000 - 0x00007ffb1f76d000 	C:\Windows\SYSTEM32\WINMMBASE.dll
0x00007ffb29560000 - 0x00007ffb295aa000 	C:\Windows\System32\cfgmgr32.dll
0x0000000075510000 - 0x000000007551f000 	D:\jdk1.8.0_162\jre\bin\verify.dll
0x00000000754e0000 - 0x0000000075509000 	D:\jdk1.8.0_162\jre\bin\java.dll
0x00000000740c0000 - 0x00000000740f5000 	D:\jdk1.8.0_162\jre\bin\jdwp.dll
0x00000000740b0000 - 0x00000000740b8000 	D:\jdk1.8.0_162\jre\bin\npt.dll
0x0000000074100000 - 0x0000000074123000 	D:\jdk1.8.0_162\jre\bin\instrument.dll
0x00000000754c0000 - 0x00000000754d6000 	D:\jdk1.8.0_162\jre\bin\zip.dll
0x00007ffb2a510000 - 0x00007ffb2abf5000 	C:\Windows\System32\SHELL32.dll
0x00007ffb2a090000 - 0x00007ffb2a139000 	C:\Windows\System32\shcore.dll
0x00007ffb28b90000 - 0x00007ffb2930f000 	C:\Windows\System32\windows.storage.dll
0x00007ffb28b70000 - 0x00007ffb28b8f000 	C:\Windows\System32\profapi.dll
0x00007ffb28b00000 - 0x00007ffb28b4a000 	C:\Windows\System32\powrprof.dll
0x00007ffb28ad0000 - 0x00007ffb28ae0000 	C:\Windows\System32\UMPDC.dll
0x00007ffb2ad10000 - 0x00007ffb2ad62000 	C:\Windows\System32\shlwapi.dll
0x00007ffb28ae0000 - 0x00007ffb28af1000 	C:\Windows\System32\kernel.appcore.dll
0x00007ffb295b0000 - 0x00007ffb295c7000 	C:\Windows\System32\cryptsp.dll
0x00000000740a0000 - 0x00000000740a9000 	D:\jdk1.8.0_162\jre\bin\dt_socket.dll
0x00007ffb28310000 - 0x00007ffb28377000 	C:\Windows\system32\mswsock.dll
0x00000000754a0000 - 0x00000000754ba000 	D:\jdk1.8.0_162\jre\bin\net.dll
0x00007ffb28060000 - 0x00007ffb2812a000 	C:\Windows\SYSTEM32\DNSAPI.dll
0x00007ffb2a500000 - 0x00007ffb2a508000 	C:\Windows\System32\NSI.dll
0x00007ffb28020000 - 0x00007ffb2805a000 	C:\Windows\SYSTEM32\IPHLPAPI.DLL
0x00007ffb24b80000 - 0x00007ffb24b8a000 	C:\Windows\System32\rasadhlp.dll
0x00007ffb211a0000 - 0x00007ffb21217000 	C:\Windows\System32\fwpuclnt.dll
0x00007ffb29c80000 - 0x00007ffb29ca6000 	C:\Windows\System32\bcrypt.dll
0x00000000743a0000 - 0x00000000743ad000 	D:\jdk1.8.0_162\jre\bin\management.dll
0x0000000075480000 - 0x0000000075491000 	D:\jdk1.8.0_162\jre\bin\nio.dll
0x00007ffb27e80000 - 0x00007ffb27eb3000 	C:\Windows\system32\rsaenh.dll
0x00007ffb289c0000 - 0x00007ffb289e5000 	C:\Windows\SYSTEM32\USERENV.dll
0x00007ffb284e0000 - 0x00007ffb284ec000 	C:\Windows\SYSTEM32\CRYPTBASE.dll
0x00007ffb217c0000 - 0x00007ffb217d6000 	C:\Windows\SYSTEM32\dhcpcsvc6.DLL
0x00007ffb217a0000 - 0x00007ffb217bc000 	C:\Windows\SYSTEM32\dhcpcsvc.DLL
0x00007ffb1ab80000 - 0x00007ffb1ab96000 	C:\Windows\system32\napinsp.dll
0x00007ffb1abd0000 - 0x00007ffb1abea000 	C:\Windows\system32\pnrpnsp.dll
0x00007ffb1ab70000 - 0x00007ffb1ab7e000 	C:\Windows\System32\winrnr.dll
0x00007ffb21ba0000 - 0x00007ffb21bbc000 	C:\Windows\system32\NLAapi.dll
0x00007ffb23e80000 - 0x00007ffb23e95000 	C:\Windows\system32\wshbth.dll
0x0000000180000000 - 0x000000018020e000 	C:\Windows\System32\tcnative-1.dll
0x0000000074070000 - 0x0000000074094000 	D:\jdk1.8.0_162\jre\bin\sunec.dll

VM Arguments:
jvm_args: -agentlib:jdwp=transport=dt_socket,address=127.0.0.1:59372,suspend=y,server=n -XX:TieredStopAtLevel=1 -Xverify:none -Dspring.output.ansi.enabled=always -Dcom.sun.management.jmxremote -Dspring.jmx.enabled=true -Dspring.liveBeansView.mbeanDomain -Dspring.application.admin.enabled=true -javaagent:D:\IDEA2019.3.1\plugins\java\lib\rt\debugger-agent.jar -Dfile.encoding=UTF-8 
java_command: com.atguigu.gmall.list.ServiceListApplication
java_class_path (initial): D:\jdk1.8.0_162\jre\lib\charsets.jar;D:\jdk1.8.0_162\jre\lib\deploy.jar;D:\jdk1.8.0_162\jre\lib\ext\access-bridge-64.jar;D:\jdk1.8.0_162\jre\lib\ext\cldrdata.jar;D:\jdk1.8.0_162\jre\lib\ext\dnsns.jar;D:\jdk1.8.0_162\jre\lib\ext\jaccess.jar;D:\jdk1.8.0_162\jre\lib\ext\jfxrt.jar;D:\jdk1.8.0_162\jre\lib\ext\localedata.jar;D:\jdk1.8.0_162\jre\lib\ext\nashorn.jar;D:\jdk1.8.0_162\jre\lib\ext\sunec.jar;D:\jdk1.8.0_162\jre\lib\ext\sunjce_provider.jar;D:\jdk1.8.0_162\jre\lib\ext\sunmscapi.jar;D:\jdk1.8.0_162\jre\lib\ext\sunpkcs11.jar;D:\jdk1.8.0_162\jre\lib\ext\zipfs.jar;D:\jdk1.8.0_162\jre\lib\javaws.jar;D:\jdk1.8.0_162\jre\lib\jce.jar;D:\jdk1.8.0_162\jre\lib\jfr.jar;D:\jdk1.8.0_162\jre\lib\jfxswt.jar;D:\jdk1.8.0_162\jre\lib\jsse.jar;D:\jdk1.8.0_162\jre\lib\management-agent.jar;D:\jdk1.8.0_162\jre\lib\plugin.jar;D:\jdk1.8.0_162\jre\lib\resources.jar;D:\jdk1.8.0_162\jre\lib\rt.jar;E:\gmall0919\gamll-parent\service\service-list\target\classes;E:\gmall0919\gamll-parent\service-client\service-product-client\target\classes;E:\gmall0919\gamll-parent\common\common-util\target\classes;D:\RepMavenForIdea_Ec\org\apache\httpcomponents\httpclient\4.5.10\httpclient-4.5.10.jar;D:\RepMavenForIdea_Ec\org\apache\httpcomponents\httpcore\4.4.12\httpcore-4.4.12.jar;D:\RepMavenForIdea_Ec\commons-codec\commons-codec\1.13\commons-codec-1.13.jar;D:\RepMavenForIdea_Ec\org\springframework\boot\spring-boot-starter-data-elasticsearch\2.2.1.RELEASE\spring-boot-starter-data-elasticsearch-2.2.1.RELEASE.jar;D:\RepMavenForIdea_Ec\org\springframework\boot\spring-boot-starter\2.2.1.RELEASE\spring-boot-starter-2.2.1.RELEASE.jar;D:\RepMavenForIdea_Ec\org\springframework\boot\spring-boot-starter-logging\2.2.1.RELEASE\spring-boot-starter-logging-2.2.1.RELEASE.jar;D:\RepMavenForIdea_Ec\ch\qos\logback\logback-classic\1.2.3\logback-classic-1.2.3.jar;D:\RepMavenForIdea_Ec\ch\qos\logback\logback-core\1.2.3\logback-core-1.2.3.jar;D:\RepMavenForIdea_Ec\org\apache\logging\log4j\log4j-to-slf4
Launcher Type: SUN_STANDARD

Environment Variables:
JAVA_HOME=C:\jdk1.8.0_172
PATH=D:\Program Files\MySQL\MySQL Server 5.5\bin;C:\Windows\system32;C:\Windows;C:\Windows\System32\Wbem;C:\Windows\System32\WindowsPowerShell\v1.0\;C:\Windows\System32\OpenSSH\;C:\jdk1.8.0_172\bin;D:\TomCat\apache-tomcat-7.0.79\bin;D:\ServerMaven\maven\apache-maven-3.5.0\bin;D:\DevInstall\bin;D:\Program Files\nodejs\;e:\Program Files\Microsoft VS Code\bin;D:\Server\Git\bin;d:\Program Files\erl10.0.1\bin;C:\Users\Administrator\AppData\Roaming\npm
USERNAME=Administrator
OS=Windows_NT
PROCESSOR_IDENTIFIER=Intel64 Family 6 Model 69 Stepping 1, GenuineIntel



---------------  S Y S T E M  ---------------

OS: Windows 10.0 , 64 bit Build 18362 (10.0.18362.329)

CPU:total 4 (initial active 4) (2 cores per cpu, 2 threads per core) family 6 model 69 stepping 1, cmov, cx8, fxsr, mmx, sse, sse2, sse3, ssse3, sse4.1, sse4.2, popcnt, avx, avx2, aes, clmul, erms, lzcnt, ht, tsc, tscinvbit, bmi1, bmi2

Memory: 4k page, physical 12504340k(1233700k free), swap 27336720k(4712k free)

vm_info: Java HotSpot(TM) 64-Bit Server VM (25.162-b12) for windows-amd64 JRE (1.8.0_162-b12), built on Dec 19 2017 20:00:03 by "java_re" with MS VC++ 10.0 (VS2010)

time: Tue Mar 24 20:46:57 2020
elapsed time: 45 seconds (0d 0h 0m 45s)

